02:50:21.354 [Worker-5] INFO  o.a.AndroidAnnotationProcessor:85 - Initialize AndroidAnnotations 3.0.1 with options {phase=BUILD}
02:54:11.83 [Worker-4] INFO  o.a.AndroidAnnotationProcessor:85 - Initialize AndroidAnnotations 3.0.1 with options {phase=BUILD}
02:54:11.104 [Worker-4] INFO  o.a.AndroidAnnotationProcessor:109 - Start processing for 2 annotations on 4 elements
02:54:11.116 [Worker-4] DEBUG o.a.h.AndroidManifestFinder:137 - AndroidManifest.xml file found in parent folder C:\Users\paradies\git\androidannotationsErrorDemo\AndroidAnnotationsDemo: C:\Users\paradies\git\androidannotationsErrorDemo\AndroidAnnotationsDemo\AndroidManifest.xml
02:54:11.118 [Worker-4] INFO  o.a.AndroidAnnotationProcessor:172 - AndroidManifest.xml found: AndroidManifest [applicationPackage=com.example.androidannotationsdemo, componentQualifiedNames=[com.example.androidannotationsdemo.MainActivity_, com.example.androidannotationsdemo.test.SecondActivity_], permissionQualifiedNames=[], applicationClassName=null, libraryProject=false, debugabble=false, minSdkVersion=10, maxSdkVersion=-1, targetSdkVersion=19]
02:54:11.118 [Worker-4] INFO  o.a.r.ProjectRClassFinder:50 - Found project R class: com.example.androidannotationsdemo.R
02:54:11.120 [Worker-4] INFO  o.a.r.AndroidRClassFinder:44 - Found Android class: android.R
02:54:11.126 [Worker-4] INFO  o.a.p.ModelValidator:42 - Validating elements
02:54:11.126 [Worker-4] DEBUG o.a.p.ModelValidator:62 - Validating with EActivityHandler: [com.example.androidannotationsdemo.MainActivity, com.example.androidannotationsdemo.test.SecondActivity]
02:54:11.127 [Worker-4] DEBUG o.a.p.ModelValidator:62 - Validating with ClickHandler: [void button1() ]
02:54:11.128 [Worker-4] INFO  o.a.p.ModelProcessor:73 - Processing root elements
02:54:11.129 [Worker-4] DEBUG o.a.p.ModelProcessor:80 - Processing root elements EActivityHandler: [com.example.androidannotationsdemo.MainActivity, com.example.androidannotationsdemo.test.SecondActivity]
02:54:11.131 [Worker-4] INFO  o.a.p.ModelProcessor:104 - Processing enclosed elements
02:54:11.131 [Worker-4] DEBUG o.a.p.ModelProcessor:116 - Processing enclosed elements with ClickHandler: [org.androidannotations.model.AnnotationElements$AnnotatedAndRootElements@2774348e]
02:54:11.132 [Worker-4] INFO  o.a.AndroidAnnotationProcessor:251 - Number of files generated by AndroidAnnotations: 2
02:54:11.132 [Worker-4] INFO  o.a.g.ApiCodeGenerator:52 - Writting following API classes in project: []
02:54:11.133 [Worker-4] DEBUG o.a.g.SourceCodewriter:55 - Generating class: com.example.androidannotationsdemo.MainActivity_
02:54:11.135 [Worker-4] DEBUG o.a.g.SourceCodewriter:55 - Generating class: com.example.androidannotationsdemo.test.SecondActivity_
02:54:11.138 [Worker-4] INFO  o.a.p.TimeStats:81 - Time measurements: [Whole Processing = 34 ms], [Extract Annotations = 11 ms], [Find R Classes = 8 ms], [Generate Sources = 6 ms], [Process Annotations = 4 ms], [Extract Manifest = 2 ms], [Validate Annotations = 2 ms], 
02:54:11.138 [Worker-4] INFO  o.a.AndroidAnnotationProcessor:123 - Finish processing
02:54:22.423 [Worker-12] INFO  o.a.AndroidAnnotationProcessor:85 - Initialize AndroidAnnotations 3.0.1 with options {phase=BUILD}
02:54:22.441 [Worker-12] INFO  o.a.AndroidAnnotationProcessor:109 - Start processing for 2 annotations on 4 elements
02:54:22.453 [Worker-12] DEBUG o.a.h.AndroidManifestFinder:137 - AndroidManifest.xml file found in parent folder C:\Users\paradies\git\androidannotationsErrorDemo\AndroidAnnotationsDemo: C:\Users\paradies\git\androidannotationsErrorDemo\AndroidAnnotationsDemo\AndroidManifest.xml
02:54:22.454 [Worker-12] INFO  o.a.AndroidAnnotationProcessor:172 - AndroidManifest.xml found: AndroidManifest [applicationPackage=com.example.androidannotationsdemo, componentQualifiedNames=[com.example.androidannotationsdemo.MainActivity_, com.example.androidannotationsdemo.test.SecondActivity_], permissionQualifiedNames=[], applicationClassName=null, libraryProject=false, debugabble=false, minSdkVersion=10, maxSdkVersion=-1, targetSdkVersion=19]
02:54:22.455 [Worker-12] INFO  o.a.r.ProjectRClassFinder:50 - Found project R class: com.example.androidannotationsdemo.R
02:54:22.457 [Worker-12] INFO  o.a.r.AndroidRClassFinder:44 - Found Android class: android.R
02:54:22.462 [Worker-12] INFO  o.a.p.ModelValidator:42 - Validating elements
02:54:22.467 [Worker-12] DEBUG o.a.p.ModelValidator:62 - Validating with EActivityHandler: [com.example.androidannotationsdemo.MainActivity, com.example.androidannotationsdemo.test.SecondActivity]
02:54:22.468 [Worker-12] DEBUG o.a.p.ModelValidator:62 - Validating with ClickHandler: [void button1() ]
02:54:22.469 [Worker-12] INFO  o.a.p.ModelProcessor:73 - Processing root elements
02:54:22.469 [Worker-12] DEBUG o.a.p.ModelProcessor:80 - Processing root elements EActivityHandler: [com.example.androidannotationsdemo.MainActivity, com.example.androidannotationsdemo.test.SecondActivity]
02:54:22.474 [Worker-12] INFO  o.a.p.ModelProcessor:104 - Processing enclosed elements
02:54:22.474 [Worker-12] DEBUG o.a.p.ModelProcessor:116 - Processing enclosed elements with ClickHandler: [org.androidannotations.model.AnnotationElements$AnnotatedAndRootElements@737a3522]
02:54:22.475 [Worker-12] INFO  o.a.AndroidAnnotationProcessor:251 - Number of files generated by AndroidAnnotations: 2
02:54:22.475 [Worker-12] INFO  o.a.g.ApiCodeGenerator:52 - Writting following API classes in project: []
02:54:22.475 [Worker-12] DEBUG o.a.g.SourceCodewriter:55 - Generating class: com.example.androidannotationsdemo.MainActivity_
02:54:22.478 [Worker-12] DEBUG o.a.g.SourceCodewriter:55 - Generating class: com.example.androidannotationsdemo.test.SecondActivity_
02:54:22.479 [Worker-12] INFO  o.a.p.TimeStats:81 - Time measurements: [Whole Processing = 38 ms], [Extract Annotations = 11 ms], [Find R Classes = 7 ms], [Validate Annotations = 7 ms], [Process Annotations = 6 ms], [Generate Sources = 4 ms], [Extract Manifest = 1 ms], 
02:54:22.480 [Worker-12] INFO  o.a.AndroidAnnotationProcessor:123 - Finish processing
02:57:55.333 [Worker-7] INFO  o.a.AndroidAnnotationProcessor:85 - Initialize AndroidAnnotations 3.0.1 with options {phase=BUILD}
